#! /c/Source/iverilog-install/bin/vvp
:ivl_version "12.0 (devel)" "(s20150603-1539-g2693dd32b)";
:ivl_delay_selection "TYPICAL";
:vpi_time_precision - 12;
:vpi_module "D:\Learning\iverilog\lib\ivl\system.vpi";
:vpi_module "D:\Learning\iverilog\lib\ivl\vhdl_sys.vpi";
:vpi_module "D:\Learning\iverilog\lib\ivl\vhdl_textio.vpi";
:vpi_module "D:\Learning\iverilog\lib\ivl\v2005_math.vpi";
:vpi_module "D:\Learning\iverilog\lib\ivl\va_math.vpi";
S_000002460e36e250 .scope module, "Decode" "Decode" 2 7;
 .timescale -9 -12;
    .port_info 0 /INPUT 1 "clk";
    .port_info 1 /INPUT 24 "instr_f";
    .port_info 2 /INPUT 8 "increPC_f";
    .port_info 3 /INPUT 4 "dstW_w";
    .port_info 4 /INPUT 8 "aluE_w";
    .port_info 5 /INPUT 8 "valM_w";
    .port_info 6 /INPUT 1 "writeReg_w";
    .port_info 7 /OUTPUT 1 "writeReg_d";
    .port_info 8 /OUTPUT 1 "writeMem_d";
    .port_info 9 /OUTPUT 8 "increPC_d";
    .port_info 10 /OUTPUT 8 "instr_d";
    .port_info 11 /OUTPUT 4 "srcA_d";
    .port_info 12 /OUTPUT 4 "srcB_d";
    .port_info 13 /OUTPUT 4 "dstW_d";
    .port_info 14 /OUTPUT 8 "valC_d";
    .port_info 15 /OUTPUT 8 "regA_d";
    .port_info 16 /OUTPUT 8 "regB_d";
    .port_info 17 /OUTPUT 8 "addrW_d";
L_000002460e3a90a0 .functor BUFZ 1, v000002460e414780_0, C4<0>, C4<0>, C4<0>;
L_000002460e3a9c00 .functor BUFZ 1, v000002460e414aa0_0, C4<0>, C4<0>, C4<0>;
L_000002460e3a9490 .functor BUFZ 8, v000002460e412910_0, C4<00000000>, C4<00000000>, C4<00000000>;
L_000002460e3a9b90 .functor BUFZ 4, v000002460e412730_0, C4<0000>, C4<0000>, C4<0000>;
L_000002460e3a9650 .functor BUFZ 4, v000002460e412870_0, C4<0000>, C4<0000>, C4<0000>;
L_000002460e3a91f0 .functor BUFZ 4, v000002460e412cd0_0, C4<0000>, C4<0000>, C4<0000>;
L_000002460e3a98f0 .functor BUFZ 8, v000002460e414dc0_0, C4<00000000>, C4<00000000>, C4<00000000>;
L_000002460e3a9a40 .functor BUFZ 8, v000002460e414dc0_0, C4<00000000>, C4<00000000>, C4<00000000>;
v000002460e412e10_0 .net "addrW_d", 7 0, L_000002460e3a9a40;  1 drivers
o000002460e3c53c8 .functor BUFZ 8, C4<zzzzzzzz>; HiZ drive
v000002460e412050_0 .net "aluE_w", 7 0, o000002460e3c53c8;  0 drivers
o000002460e3c5098 .functor BUFZ 1, C4<z>; HiZ drive
v000002460e412af0_0 .net "clk", 0 0, o000002460e3c5098;  0 drivers
v000002460e412cd0_0 .var "dstW", 3 0;
v000002460e412370_0 .net "dstW_d", 3 0, L_000002460e3a91f0;  1 drivers
o000002460e3c50f8 .functor BUFZ 4, C4<zzzz>; HiZ drive
v000002460e412190_0 .net "dstW_w", 3 0, o000002460e3c50f8;  0 drivers
v000002460e412410_0 .var "error", 0 0;
v000002460e412910_0 .var "increPC_D", 7 0;
v000002460e4125f0_0 .net "increPC_d", 7 0, L_000002460e3a9490;  1 drivers
o000002460e3c54e8 .functor BUFZ 8, C4<zzzzzzzz>; HiZ drive
v000002460e412a50_0 .net "increPC_f", 7 0, o000002460e3c54e8;  0 drivers
v000002460e412d70_0 .var "instr_D", 23 0;
v000002460e4127d0_0 .net "instr_d", 7 0, L_000002460e413880;  1 drivers
o000002460e3c5578 .functor BUFZ 24, C4<zzzzzzzzzzzzzzzzzzzzzzzz>; HiZ drive
v000002460e4120f0_0 .net "instr_f", 23 0, o000002460e3c5578;  0 drivers
v000002460e412eb0_0 .net "regA_d", 7 0, L_000002460e3a9730;  1 drivers
v000002460e412f50_0 .net "regB_d", 7 0, L_000002460e3a9880;  1 drivers
v000002460e412730_0 .var "src1", 3 0;
v000002460e412870_0 .var "src2", 3 0;
v000002460e412690_0 .net "srcA_d", 3 0, L_000002460e3a9b90;  1 drivers
v000002460e414d20_0 .net "srcB_d", 3 0, L_000002460e3a9650;  1 drivers
v000002460e414dc0_0 .var "valC", 7 0;
v000002460e413c40_0 .net "valC_d", 7 0, L_000002460e3a98f0;  1 drivers
o000002460e3c5638 .functor BUFZ 8, C4<zzzzzzzz>; HiZ drive
v000002460e413ce0_0 .net "valM_w", 7 0, o000002460e3c5638;  0 drivers
v000002460e414aa0_0 .var "writeMem", 0 0;
v000002460e413a60_0 .net "writeMem_d", 0 0, L_000002460e3a9c00;  1 drivers
v000002460e414780_0 .var "writeReg", 0 0;
v000002460e413100_0 .net "writeReg_d", 0 0, L_000002460e3a90a0;  1 drivers
o000002460e3c51e8 .functor BUFZ 1, C4<z>; HiZ drive
v000002460e4137e0_0 .net "writeReg_w", 0 0, o000002460e3c51e8;  0 drivers
E_000002460e3ad7a0 .event negedge, v000002460e3b43b0_0;
L_000002460e413880 .part v000002460e412d70_0, 0, 8;
S_000002460e366910 .scope module, "regFile" "RegisterFile" 2 70, 3 5 0, S_000002460e36e250;
 .timescale -9 -12;
    .port_info 0 /INPUT 1 "clk";
    .port_info 1 /INPUT 1 "write";
    .port_info 2 /INPUT 4 "src1";
    .port_info 3 /INPUT 4 "src2";
    .port_info 4 /INPUT 4 "dst";
    .port_info 5 /INPUT 8 "data";
    .port_info 6 /OUTPUT 8 "regA";
    .port_info 7 /OUTPUT 8 "regB";
P_000002460e366ff0 .param/l "REGSIZE" 0 3 6, +C4<00000000000000000000000000001000>;
P_000002460e367028 .param/l "SRCSIZE" 0 3 7, +C4<00000000000000000000000000000100>;
L_000002460e3a9730 .functor BUFZ 8, L_000002460e4145a0, C4<00000000>, C4<00000000>, C4<00000000>;
L_000002460e3a9880 .functor BUFZ 8, L_000002460e4143c0, C4<00000000>, C4<00000000>, C4<00000000>;
v000002460e3bc310_0 .net *"_ivl_0", 7 0, L_000002460e4145a0;  1 drivers
v000002460e36e510_0 .net *"_ivl_10", 4 0, L_000002460e414e60;  1 drivers
L_000002460e415070 .functor BUFT 1, C4<0>, C4<0>, C4<0>, C4<0>;
v000002460e366aa0_0 .net *"_ivl_13", 0 0, L_000002460e415070;  1 drivers
v000002460e366b40_0 .net *"_ivl_2", 4 0, L_000002460e413ba0;  1 drivers
L_000002460e415028 .functor BUFT 1, C4<0>, C4<0>, C4<0>, C4<0>;
v000002460e366be0_0 .net *"_ivl_5", 0 0, L_000002460e415028;  1 drivers
v000002460e366c80_0 .net *"_ivl_8", 7 0, L_000002460e4143c0;  1 drivers
v000002460e3b43b0_0 .net "clk", 0 0, o000002460e3c5098;  alias, 0 drivers
v000002460e3b4450_0 .net "data", 7 0, L_000002460e3a98f0;  alias, 1 drivers
v000002460e412550_0 .net "dst", 3 0, o000002460e3c50f8;  alias, 0 drivers
v000002460e412230_0 .net "regA", 7 0, L_000002460e3a9730;  alias, 1 drivers
v000002460e4129b0_0 .net "regB", 7 0, L_000002460e3a9880;  alias, 1 drivers
v000002460e4122d0 .array "register", 0 7, 7 0;
v000002460e412b90_0 .net "src1", 3 0, v000002460e412730_0;  1 drivers
v000002460e412c30_0 .net "src2", 3 0, v000002460e412870_0;  1 drivers
v000002460e4124b0_0 .net "write", 0 0, o000002460e3c51e8;  alias, 0 drivers
E_000002460e3acfa0 .event posedge, v000002460e3b43b0_0;
L_000002460e4145a0 .array/port v000002460e4122d0, L_000002460e413ba0;
L_000002460e413ba0 .concat [ 4 1 0 0], v000002460e412730_0, L_000002460e415028;
L_000002460e4143c0 .array/port v000002460e4122d0, L_000002460e414e60;
L_000002460e414e60 .concat [ 4 1 0 0], v000002460e412870_0, L_000002460e415070;
    .scope S_000002460e366910;
T_0 ;
    %wait E_000002460e3acfa0;
    %load/vec4 v000002460e4124b0_0;
    %flag_set/vec4 8;
    %jmp/0xz  T_0.0, 8;
    %load/vec4 v000002460e3b4450_0;
    %load/vec4 v000002460e412550_0;
    %pad/u 5;
    %ix/vec4 4;
    %store/vec4a v000002460e4122d0, 4, 0;
T_0.0 ;
    %jmp T_0;
    .thread T_0;
    .scope S_000002460e36e250;
T_1 ;
    %wait E_000002460e3ad7a0;
    %pushi/vec4 0, 0, 1;
    %store/vec4 v000002460e412410_0, 0, 1;
    %load/vec4 v000002460e4120f0_0;
    %store/vec4 v000002460e412d70_0, 0, 24;
    %load/vec4 v000002460e412a50_0;
    %store/vec4 v000002460e412910_0, 0, 8;
    %load/vec4 v000002460e412d70_0;
    %parti/s 8, 0, 2;
    %store/vec4 v000002460e414dc0_0, 0, 8;
    %load/vec4 v000002460e412d70_0;
    %parti/s 4, 12, 5;
    %store/vec4 v000002460e412730_0, 0, 4;
    %load/vec4 v000002460e412d70_0;
    %parti/s 4, 8, 5;
    %store/vec4 v000002460e412870_0, 0, 4;
    %load/vec4 v000002460e412d70_0;
    %parti/s 4, 12, 5;
    %cmpi/e 0, 0, 4;
    %jmp/1 T_1.2, 4;
    %flag_mov 8, 4;
    %load/vec4 v000002460e412d70_0;
    %parti/s 4, 12, 5;
    %cmpi/e 2, 0, 4;
    %flag_or 4, 8;
T_1.2;
    %jmp/0xz  T_1.0, 4;
    %pushi/vec4 0, 0, 1;
    %store/vec4 v000002460e414780_0, 0, 1;
    %jmp T_1.1;
T_1.0 ;
    %pushi/vec4 1, 0, 1;
    %store/vec4 v000002460e414780_0, 0, 1;
T_1.1 ;
    %load/vec4 v000002460e412d70_0;
    %parti/s 4, 12, 5;
    %cmpi/e 2, 0, 4;
    %jmp/0xz  T_1.3, 4;
    %pushi/vec4 1, 0, 1;
    %store/vec4 v000002460e414aa0_0, 0, 1;
    %jmp T_1.4;
T_1.3 ;
    %pushi/vec4 0, 0, 1;
    %store/vec4 v000002460e414aa0_0, 0, 1;
T_1.4 ;
    %load/vec4 v000002460e412d70_0;
    %parti/s 4, 20, 6;
    %dup/vec4;
    %pushi/vec4 0, 0, 4;
    %cmp/u;
    %jmp/1 T_1.5, 6;
    %dup/vec4;
    %pushi/vec4 1, 0, 4;
    %cmp/u;
    %jmp/1 T_1.6, 6;
    %dup/vec4;
    %pushi/vec4 2, 0, 4;
    %cmp/u;
    %jmp/1 T_1.7, 6;
    %dup/vec4;
    %pushi/vec4 3, 0, 4;
    %cmp/u;
    %jmp/1 T_1.8, 6;
    %dup/vec4;
    %pushi/vec4 4, 0, 4;
    %cmp/u;
    %jmp/1 T_1.9, 6;
    %dup/vec4;
    %pushi/vec4 5, 0, 4;
    %cmp/u;
    %jmp/1 T_1.10, 6;
    %pushi/vec4 1, 0, 1;
    %store/vec4 v000002460e412410_0, 0, 1;
    %jmp T_1.12;
T_1.5 ;
    %load/vec4 v000002460e412d70_0;
    %parti/s 4, 12, 5;
    %store/vec4 v000002460e412cd0_0, 0, 4;
    %jmp T_1.12;
T_1.6 ;
    %load/vec4 v000002460e412d70_0;
    %parti/s 4, 12, 5;
    %store/vec4 v000002460e412cd0_0, 0, 4;
    %jmp T_1.12;
T_1.7 ;
    %load/vec4 v000002460e412d70_0;
    %parti/s 4, 8, 5;
    %store/vec4 v000002460e412cd0_0, 0, 4;
    %jmp T_1.12;
T_1.8 ;
    %load/vec4 v000002460e412d70_0;
    %parti/s 4, 8, 5;
    %store/vec4 v000002460e412cd0_0, 0, 4;
    %jmp T_1.12;
T_1.9 ;
    %load/vec4 v000002460e412d70_0;
    %parti/s 4, 12, 5;
    %store/vec4 v000002460e412cd0_0, 0, 4;
    %jmp T_1.12;
T_1.10 ;
    %load/vec4 v000002460e412d70_0;
    %parti/s 4, 12, 5;
    %store/vec4 v000002460e412cd0_0, 0, 4;
    %jmp T_1.12;
T_1.12 ;
    %pop/vec4 1;
    %jmp T_1;
    .thread T_1;
# The file index is used to find the file name in the following table.
:file_names 4;
    "N/A";
    "<interactive>";
    "Decode.v";
    "./register_file.v";
